<?xml version="1.0" encoding="UTF-8"?>
<testng-results ignored="0" total="1" passed="1" failed="0" skipped="0">
  <reporter-output>
  </reporter-output>
  <suite started-at="2024-05-01T21:43:57 IST" name="Automation Testing" finished-at="2024-05-01T21:44:09 IST" duration-ms="12705">
    <groups>
    </groups>
    <test started-at="2024-05-01T21:43:57 IST" name="Functional Testing" finished-at="2024-05-01T21:44:09 IST" duration-ms="12705">
      <class name="TestCases.AddToCart">
        <test-method signature="addToCart()[pri:0, instance:TestCases.AddToCart@50ad3bc1]" started-at="2024-05-01T21:43:57 IST" name="addToCart" finished-at="2024-05-01T21:44:09 IST" duration-ms="12658" status="PASS">
          <reporter-output>
          </reporter-output>
        </test-method> <!-- addToCart -->
      </class> <!-- TestCases.AddToCart -->
    </test> <!-- Functional Testing -->
  </suite> <!-- Automation Testing -->
</testng-results>
